150
4
135
117
24
126
118
146
7
95
143
55
190
91
27
87
184
170
49
51
107
114
65
119
63
1
120
88
77
182
31
111
86
76
183
193
52
72
89
106
22
173
79
103
152
160
163
180
159
161
41
156
20
121
165
148
9
78
179
157
45
56
37
84
125
141
174
132
3
169
113
8
35
93
54
123
21
28
171
6
39
97
61
198
131
176
186
140
44
199
83
46
96
19
144
14
69
181
64
11
128
73
137
50
68
34
191
13
16
58
139
194
142
67
154
196
26
178
47
175
53
23
189
195
124
136
12
33
43
71
80
38
85
42
129
158
177
105
36
192
145
59
164
110
104
122
82
200
18
17
2
98
168
138
48
66
166
133
75
112
81
134
188
116
74
155
187
100
92
30
32
127
5
60
153
99
10
57
167
62
162
101
109
115
15
130
149
40
151
185
70
25
90
29
147
94
197
108
172
102
