2
5
10
11
1
3
7
13
6
4
15
12
19
20
14
16
18
17
24
23
28
25
21
26
33
27
29
30
42
38
34
31
36
32
41
40
171
35
44
43
48
39
46
52
49
45
47
50
54
55
53
51
58
57
56
61
60
64
65
66
63
68
71
62
67
73
69
77
70
74
72
78
75
76
84
82
80
81
79
86
89
83
95
93
88
87
99
90
97
85
94
92
91
96
102
103
100
105
104
101
109
108
106
111
107
110
119
112
118
114
116
120
115
113
122
121
123
117
125
124
129
128
165
127
126
132
130
139
133
131
136
137
135
143
138
134
141
142
140
147
144
146
151
149
145
148
152
150
153
154
156
157
162
155
158
159
160
161
163
164
22
